[+] Containers:
 |- [+] Container: /Game/ThirdPerson/Maps/ThirdPersonMap
 |   |- [+] ActorDescs:
 |   |   |- Guid:0786FA3749B054C44CAC129382B6B519 BaseClass:/Game/ThirdPerson/Door/A_DoorButton.A_DoorButton_C NativeClass:/Script/Engine.Actor Name:A_Door1_C_UAID_D8BBC1F9F678C75602_1330757346 Label:A_Door3 SpatiallyLoaded:1 Bounds:IsValid=true, Min=(X=685.139 Y=25.398 Z=-58.849), Max=(X=831.897 Y=698.943 Z=1195.895) RuntimeGrid:None EditorOnly:0 RuntimeOnly:0 HLODRelevant:0 ListedInSceneOutliner:1 IsMainWorldOnly:0
 |   |   |- Guid:086F259942FBFE6B3733D4BE3A030AB4 BaseClass:/Game/ThirdPerson/Door/A_Button.A_Button_C NativeClass:/Script/Engine.Actor Name:A_Button1_C_UAID_D8BBC1F9F678C35602_1879275633 Label:A_Button1 SpatiallyLoaded:1 Bounds:IsValid=true, Min=(X=1064.909 Y=1795.853 Z=-7.114), Max=(X=1167.309 Y=1898.253 Z=5.686) RuntimeGrid:None EditorOnly:0 RuntimeOnly:0 HLODRelevant:0 ListedInSceneOutliner:1 IsMainWorldOnly:0
 |   |   |- Guid:15883D4047A877A786A37ABA78A39F18 BaseClass: NativeClass:/Script/Engine.StaticMeshActor Name:StaticMeshActor_UAID_D8BBC1F9F678B05602_1235017287 Label:SM_Cube3 SpatiallyLoaded:1 Bounds:IsValid=true, Min=(X=-684.346 Y=1430.000 Z=-50.000), Max=(X=2565.654 Y=2155.000 Z=-0.000) RuntimeGrid:None EditorOnly:0 RuntimeOnly:0 HLODRelevant:1 ListedInSceneOutliner:1 IsMainWorldOnly:0 FolderPath:Playground FolderGuid:C73F09FC4215536B1DCE2A9E0A830C70
 |   |   |- Guid:2AB27D8049A75DDFCD7986A2525B8BBF BaseClass: NativeClass:/Script/Engine.StaticMeshActor Name:StaticMeshActor_UAID_D8BBC1F9F678C75602_1517031350 Label:Plane2 SpatiallyLoaded:1 Bounds:IsValid=true, Min=(X=1879.627 Y=313.623 Z=45.266), Max=(X=1979.627 Y=413.623 Z=45.266) RuntimeGrid:None EditorOnly:0 RuntimeOnly:0 HLODRelevant:1 ListedInSceneOutliner:1 IsMainWorldOnly:0
 |   |   |- Guid:2D0A03634B90FD10BB1077A246D8CE53 BaseClass: NativeClass:/Script/Engine.StaticMeshActor Name:StaticMeshActor_UAID_D8BBC1F9F678C65602_1091453166 Label:SM_Cube4 SpatiallyLoaded:1 Bounds:IsValid=true, Min=(X=4197.790 Y=-30.000 Z=186.797), Max=(X=7197.790 Y=695.000 Z=236.797) RuntimeGrid:None EditorOnly:0 RuntimeOnly:0 HLODRelevant:1 ListedInSceneOutliner:1 IsMainWorldOnly:0 FolderPath:Playground FolderGuid:C73F09FC4215536B1DCE2A9E0A830C70
 |   |   |- Guid:2FB58999456391D349DC0F86DAC136ED BaseClass: NativeClass:/Script/Engine.SkyLight Name:SkyLight_1 Label:SkyLight SpatiallyLoaded:0 Bounds:IsValid=true, Min=(X=0.000 Y=0.000 Z=690.000), Max=(X=0.000 Y=0.000 Z=690.000) RuntimeGrid:None EditorOnly:0 RuntimeOnly:0 HLODRelevant:0 ListedInSceneOutliner:1 IsMainWorldOnly:0 FolderPath:Lighting FolderGuid:963EC3EB4002CCE9759E2EBA541A873A
 |   |   |- Guid:316CF2A6494ACA4C0E4180A87D36AB8F BaseClass: NativeClass:/Script/Engine.ExponentialHeightFog Name:ExponentialHeightFog_0 Label:ExponentialHeightFog SpatiallyLoaded:0 Bounds:IsValid=true, Min=(X=-5600.000 Y=-50.000 Z=-6850.000), Max=(X=-5600.000 Y=-50.000 Z=-6850.000) RuntimeGrid:None EditorOnly:0 RuntimeOnly:0 HLODRelevant:0 ListedInSceneOutliner:1 IsMainWorldOnly:0 FolderPath:Lighting FolderGuid:963EC3EB4002CCE9759E2EBA541A873A
 |   |   |- Guid:36FBF767432EC36DD19697841F1687D9 BaseClass:/Game/ThirdPerson/Door/A_Key.A_Key_C NativeClass:/Script/Engine.Actor Name:A_Key_C_UAID_D8BBC1F9F678B45602_2002993996 Label:A_Key SpatiallyLoaded:1 Bounds:IsValid=true, Min=(X=-495.920 Y=1823.217 Z=115.480), Max=(X=-482.000 Y=1837.617 Z=154.917) RuntimeGrid:None EditorOnly:0 RuntimeOnly:0 HLODRelevant:0 ListedInSceneOutliner:1 IsMainWorldOnly:0
 |   |   |- Guid:39392D184C2E63ACA73CF0BE9CD6D8A3 BaseClass:/Game/ThirdPerson/Text/A_Wait.A_Wait_C NativeClass:/Script/Engine.Actor Name:A_Wait_C_UAID_D8BBC1F9F678C75602_1653752353 Label:A_Wait SpatiallyLoaded:1 Bounds:IsValid=true, Min=(X=2418.842 Y=140.324 Z=-120.108), Max=(X=2918.842 Y=142.324 Z=379.892) RuntimeGrid:None EditorOnly:0 RuntimeOnly:0 HLODRelevant:0 ListedInSceneOutliner:1 IsMainWorldOnly:0
 |   |   |- Guid:3A00AA1C422CE54C0BDB60BAF471BFBB BaseClass: NativeClass:/Script/Engine.PlayerStart Name:PlayerStart_0 Label:PlayerStart SpatiallyLoaded:0 Bounds:IsValid=true, Min=(X=502.898 Y=590.841 Z=417.189), Max=(X=582.898 Y=670.841 Z=601.189) RuntimeGrid:None EditorOnly:0 RuntimeOnly:0 HLODRelevant:0 ListedInSceneOutliner:1 IsMainWorldOnly:0
 |   |   |- Guid:4B2501604C614A1FC672B98E03B83AD1 BaseClass:/Game/ThirdPerson/Blueprints/BP_ThirdPersonCharacter.BP_ThirdPersonCharacter_C NativeClass:/Script/Engine.Character Name:BP_ThirdPersonCharacter_C_UAID_D8BBC1F9F678575602_1379725623 Label:BP_ThirdPersonCharacter SpatiallyLoaded:1 Bounds:IsValid=true, Min=(X=275.000 Y=335.000 Z=-0.149), Max=(X=347.592 Y=405.000 Z=180.332) RuntimeGrid:None EditorOnly:0 RuntimeOnly:0 HLODRelevant:0 ListedInSceneOutliner:1 IsMainWorldOnly:0
 |   |   |- Guid:4D3BE93F4146AAAC8BBE79999D96D57F BaseClass: NativeClass:/Script/Engine.VolumetricCloud Name:VolumetricCloud_0 Label:VolumetricCloud SpatiallyLoaded:0 Bounds:IsValid=true, Min=(X=0.000 Y=0.000 Z=820.000), Max=(X=0.000 Y=0.000 Z=820.000) RuntimeGrid:None EditorOnly:0 RuntimeOnly:0 HLODRelevant:0 ListedInSceneOutliner:1 IsMainWorldOnly:0 FolderPath:Lighting FolderGuid:963EC3EB4002CCE9759E2EBA541A873A
 |   |   |- Guid:58A0A92F4888D1D33DA0079DD2A1B7E7 BaseClass: NativeClass:/Script/Engine.StaticMeshActor Name:StaticMeshActor_UAID_D8BBC1F9F678C75602_1487007349 Label:Plane SpatiallyLoaded:1 Bounds:IsValid=true, Min=(X=1642.882 Y=313.623 Z=45.266), Max=(X=1742.882 Y=413.623 Z=45.266) RuntimeGrid:None EditorOnly:0 RuntimeOnly:0 HLODRelevant:1 ListedInSceneOutliner:1 IsMainWorldOnly:0
 |   |   |- Guid:5A706F324141B117093B3199E0C44972 BaseClass: NativeClass:/Script/Engine.StaticMeshActor Name:StaticMeshActor_UAID_D8BBC1F9F678C75602_1528271352 Label:Plane4 SpatiallyLoaded:1 Bounds:IsValid=true, Min=(X=2546.185 Y=313.623 Z=45.266), Max=(X=2646.185 Y=413.623 Z=45.266) RuntimeGrid:None EditorOnly:0 RuntimeOnly:0 HLODRelevant:1 ListedInSceneOutliner:1 IsMainWorldOnly:0
 |   |   |- Guid:5FA84298433765D58AD729BC7F6FD9E2 BaseClass: NativeClass:/Script/Engine.StaticMeshActor Name:StaticMeshActor_UAID_D8BBC1F9F678C75602_1841162354 Label:SM_Cube5 SpatiallyLoaded:1 Bounds:IsValid=true, Min=(X=-664.537 Y=1385.684 Z=0.000), Max=(X=335.463 Y=1485.684 Z=400.000) RuntimeGrid:None EditorOnly:0 RuntimeOnly:0 HLODRelevant:1 ListedInSceneOutliner:1 IsMainWorldOnly:0 FolderPath:Playground FolderGuid:C73F09FC4215536B1DCE2A9E0A830C70
 |   |   |- Guid:621A12914EFA7D02D6FB2F9A2FB6D341 BaseClass:/Game/ThirdPerson/Blueprints/A_Win.A_Win_C NativeClass:/Script/Engine.Actor Name:A_Win_C_UAID_D8BBC1F9F678C55602_1690252987 Label:A_Win SpatiallyLoaded:1 Bounds:IsValid=true, Min=(X=5171.604 Y=299.792 Z=316.205), Max=(X=5370.004 Y=498.192 Z=514.605) RuntimeGrid:None EditorOnly:0 RuntimeOnly:0 HLODRelevant:0 ListedInSceneOutliner:1 IsMainWorldOnly:0
 |   |   |- Guid:6BAF4DDD444C60371492D3919DB42C97 BaseClass: NativeClass:/Script/Engine.WorldDataLayers Name:WorldDataLayers Label:WorldDataLayers SpatiallyLoaded:0 Bounds:IsValid=true, Min=(X=0.000 Y=0.000 Z=0.000), Max=(X=0.000 Y=0.000 Z=0.000) RuntimeGrid:None EditorOnly:0 RuntimeOnly:0 HLODRelevant:0 ListedInSceneOutliner:1 IsMainWorldOnly:1
 |   |   |- Guid:72132CAF4A08A59AB5B105AA6F515116 BaseClass:/Game/ThirdPerson/Blueprints/BP_ThirdPersonCharacter.BP_ThirdPersonCharacter_C NativeClass:/Script/Engine.Character Name:BP_ThirdPersonCharacter_C_UAID_D8BBC1F9F678575602_1381845624 Label:BP_ThirdPersonCharacter2 SpatiallyLoaded:1 Bounds:IsValid=true, Min=(X=-164.508 Y=1795.000 Z=-0.149), Max=(X=-91.916 Y=1865.000 Z=180.332) RuntimeGrid:None EditorOnly:0 RuntimeOnly:0 HLODRelevant:0 ListedInSceneOutliner:1 IsMainWorldOnly:0
 |   |   |- Guid:7FA8B2E4420805A2569D6B8BB8A60060 BaseClass: NativeClass:/Script/Engine.Emitter Name:Emitter_UAID_D8BBC1F9F678F65602_1992562612 Label:Smoke SpatiallyLoaded:1 Bounds:IsValid=true, Min=(X=-70.379 Y=110.644 Z=-139.917), Max=(X=341.253 Y=780.670 Z=400.602) RuntimeGrid:None EditorOnly:0 RuntimeOnly:0 HLODRelevant:0 ListedInSceneOutliner:1 IsMainWorldOnly:0
 |   |   |- Guid:9473BC794A887F64DBC1CA97E6598076 BaseClass:/Game/ThirdPerson/Door/A_DoorButton.A_DoorButton_C NativeClass:/Script/Engine.Actor Name:A_Door1_C_UAID_D8BBC1F9F678C35602_1869101632 Label:A_Door1 SpatiallyLoaded:1 Bounds:IsValid=true, Min=(X=4207.244 Y=25.398 Z=223.515), Max=(X=4354.002 Y=698.943 Z=1478.259) RuntimeGrid:None EditorOnly:0 RuntimeOnly:0 HLODRelevant:0 ListedInSceneOutliner:1 IsMainWorldOnly:0
 |   |   |- Guid:A297D78F43C76F981C5870A11C975167 BaseClass:/Game/ThirdPerson/Text/A_PressTab.A_PressTab_C NativeClass:/Script/Engine.Actor Name:A_PressTab_C_UAID_D8BBC1F9F678C65602_2103292169 Label:A_PressTab SpatiallyLoaded:1 Bounds:IsValid=true, Min=(X=142.515 Y=180.608 Z=-204.118), Max=(X=642.515 Y=182.608 Z=295.882) RuntimeGrid:None EditorOnly:0 RuntimeOnly:0 HLODRelevant:0 ListedInSceneOutliner:1 IsMainWorldOnly:0
 |   |   |- Guid:A5D2A84A456C6B7E3A83A4B4191DDAC3 BaseClass:/Game/ThirdPerson/Door/A_DoorKey.A_DoorKey_C NativeClass:/Script/Engine.Actor Name:A_Door_C_UAID_D8BBC1F9F678B45602_2000665995 Label:A_Door2 SpatiallyLoaded:1 Bounds:IsValid=true, Min=(X=83.306 Y=1439.624 Z=-29.732), Max=(X=457.866 Y=2206.535 Z=1373.932) RuntimeGrid:None EditorOnly:0 RuntimeOnly:0 HLODRelevant:0 ListedInSceneOutliner:1 IsMainWorldOnly:0
 |   |   |- Guid:AB867A1241DADDDAA1F034837BA888C9 BaseClass:/Game/ThirdPerson/Blueprints/A_MovingPlatForm.A_MovingPlatForm_C NativeClass:/Script/Engine.Actor Name:A_MovingPlatForm_C_UAID_D8BBC1F9F678C35602_1143545631 Label:A_MovingPlatForm SpatiallyLoaded:1 Bounds:IsValid=true, Min=(X=2819.380 Y=162.403 Z=-0.834), Max=(X=3319.380 Y=662.403 Z=9.166) RuntimeGrid:None EditorOnly:0 RuntimeOnly:0 HLODRelevant:0 ListedInSceneOutliner:1 IsMainWorldOnly:0
 |   |   |- Guid:B785ED2844B84CFB91E7F39FE661CD99 BaseClass: NativeClass:/Script/Engine.DirectionalLight Name:DirectionalLight_0 Label:DirectionalLight SpatiallyLoaded:0 Bounds:IsValid=true, Min=(X=-1048576.000 Y=-1048576.000 Z=-1048576.000), Max=(X=1048576.000 Y=1048576.000 Z=1048576.000) RuntimeGrid:None EditorOnly:0 RuntimeOnly:0 HLODRelevant:0 ListedInSceneOutliner:1 IsMainWorldOnly:0 FolderPath:Lighting FolderGuid:963EC3EB4002CCE9759E2EBA541A873A
 |   |   |- Guid:BC08B79C4EA3C961CFF75EBBE83B367D BaseClass: NativeClass:/Script/Engine.StaticMeshActor Name:StaticMeshActor_5 Label:SM_Cube2 SpatiallyLoaded:1 Bounds:IsValid=true, Min=(X=0.000 Y=0.000 Z=0.000), Max=(X=3000.000 Y=100.000 Z=400.000) RuntimeGrid:None EditorOnly:0 RuntimeOnly:0 HLODRelevant:1 ListedInSceneOutliner:1 IsMainWorldOnly:0 FolderPath:Playground FolderGuid:C73F09FC4215536B1DCE2A9E0A830C70
 |   |   |- Guid:BC6BD66D4999D40F003139B9F18C0F3B BaseClass:/Game/ThirdPerson/Text/A_Careful.A_Careful_C NativeClass:/Script/Engine.Actor Name:NewBlueprint_C_UAID_D8BBC1F9F678C65602_1799407167 Label:NewBlueprint SpatiallyLoaded:1 Bounds:IsValid=true, Min=(X=849.068 Y=153.069 Z=-250.000), Max=(X=1349.068 Y=155.069 Z=250.000) RuntimeGrid:None EditorOnly:0 RuntimeOnly:0 HLODRelevant:0 ListedInSceneOutliner:1 IsMainWorldOnly:0
 |   |   |- Guid:C1901661411FDC8F9B4EE8BC1DBB3C1E BaseClass:/Game/ThirdPerson/Blueprints/A_Loss.A_Loss_C NativeClass:/Script/Engine.Actor Name:A_Loss_C_UAID_D8BBC1F9F678C45602_1420764810 Label:A_Loss SpatiallyLoaded:1 Bounds:IsValid=true, Min=(X=-8487.855 Y=-10520.811 Z=-269.760), Max=(X=14689.447 Y=12656.492 Z=-208.566) RuntimeGrid:None EditorOnly:0 RuntimeOnly:0 HLODRelevant:0 ListedInSceneOutliner:1 IsMainWorldOnly:0
 |   |   |- Guid:CCFF262C46EEFFDF319E7F9539CE697E BaseClass: NativeClass:/Script/Engine.SkyAtmosphere Name:SkyAtmosphere_0 Label:SkyAtmosphere SpatiallyLoaded:0 Bounds:IsValid=true, Min=(X=0.000 Y=0.000 Z=1020.000), Max=(X=0.000 Y=0.000 Z=1020.000) RuntimeGrid:None EditorOnly:0 RuntimeOnly:0 HLODRelevant:0 ListedInSceneOutliner:1 IsMainWorldOnly:0 FolderPath:Lighting FolderGuid:963EC3EB4002CCE9759E2EBA541A873A
 |   |   |- Guid:DEE72CDD4FD7CF97140885BA44C7A805 BaseClass: NativeClass:/Script/Engine.StaticMeshActor Name:StaticMeshActor_UAID_D8BBC1F9F678C75602_1521960351 Label:Plane3 SpatiallyLoaded:1 Bounds:IsValid=true, Min=(X=2213.164 Y=313.623 Z=45.266), Max=(X=2313.164 Y=413.623 Z=45.266) RuntimeGrid:None EditorOnly:0 RuntimeOnly:0 HLODRelevant:1 ListedInSceneOutliner:1 IsMainWorldOnly:0
 |   |   |- Guid:E7FB91FC42A2553F8A20C09A50FBDC0C BaseClass:/Game/ThirdPerson/Door/A_Button.A_Button_C NativeClass:/Script/Engine.Actor Name:A_Button1_C_UAID_D8BBC1F9F678C75602_2077675356 Label:A_Button2 SpatiallyLoaded:1 Bounds:IsValid=true, Min=(X=2171.631 Y=1795.853 Z=-6.400), Max=(X=2274.031 Y=1898.253 Z=6.400) RuntimeGrid:None EditorOnly:0 RuntimeOnly:0 HLODRelevant:0 ListedInSceneOutliner:1 IsMainWorldOnly:0
 |   |   |- Guid:EC4E0C944CE6AC6E784BC6BB2916EA13 BaseClass: NativeClass:/Script/Engine.StaticMeshActor Name:StaticMeshActor_UAID_A4AE111137DC5EFB00_1110535423 Label:SM_SkySphere SpatiallyLoaded:0 Bounds:IsValid=true, Min=(X=-1638400.000 Y=-1638400.000 Z=-1638400.000), Max=(X=1638400.000 Y=1638400.000 Z=1638400.000) RuntimeGrid:None EditorOnly:0 RuntimeOnly:0 HLODRelevant:1 ListedInSceneOutliner:1 IsMainWorldOnly:0 FolderPath:Lighting FolderGuid:963EC3EB4002CCE9759E2EBA541A873A
 |   |   |- Guid:ED5773BF4B9B7D7D2D4D9F99528DA72D BaseClass:/Game/ThirdPerson/Text/A_Key.A_Key_C NativeClass:/Script/Engine.Actor Name:A_Key_C_UAID_D8BBC1F9F678C75602_1956603355 Label:A_Key2 SpatiallyLoaded:1 Bounds:IsValid=true, Min=(X=-250.691 Y=1533.635 Z=-250.000), Max=(X=249.309 Y=1535.635 Z=250.000) RuntimeGrid:None EditorOnly:0 RuntimeOnly:0 HLODRelevant:0 ListedInSceneOutliner:1 IsMainWorldOnly:0
 |   |   |- Guid:F1924B8D48954B30891B2DB6A694F9CC BaseClass: NativeClass:/Script/Engine.StaticMeshActor Name:StaticMeshActor_1 Label:SM_Cube SpatiallyLoaded:1 Bounds:IsValid=true, Min=(X=0.000 Y=-30.000 Z=-50.000), Max=(X=1275.000 Y=695.000 Z=0.000) RuntimeGrid:None EditorOnly:0 RuntimeOnly:0 HLODRelevant:1 ListedInSceneOutliner:1 IsMainWorldOnly:0 FolderPath:Playground FolderGuid:C73F09FC4215536B1DCE2A9E0A830C70
 |   |   |- Guid:F5E3FEB3450C49844FD93DA8E083C8AD BaseClass: NativeClass:/Script/Engine.PostProcessVolume Name:PostProcessVolume_0 Label:PostProcessVolume SpatiallyLoaded:0 Bounds:IsValid=true, Min=(X=0.000 Y=0.000 Z=400.000), Max=(X=200.000 Y=200.000 Z=600.000) RuntimeGrid:None EditorOnly:0 RuntimeOnly:0 HLODRelevant:0 ListedInSceneOutliner:1 IsMainWorldOnly:0 FolderPath:Lighting FolderGuid:963EC3EB4002CCE9759E2EBA541A873A
 |   |   |- Guid:F8C8735544C0109DE7163BAD4BF71C17 BaseClass:/Game/ThirdPerson/Blueprints/A_MovingPlatForm.A_MovingPlatForm_C NativeClass:/Script/Engine.Actor Name:A_MovingPlatForm_C_UAID_D8BBC1F9F678C05602_1550119103 Label:A_MovingPlatForm SpatiallyLoaded:1 Bounds:IsValid=true, Min=(X=-504.941 Y=154.517 Z=60.361), Max=(X=-4.941 Y=654.517 Z=70.361) RuntimeGrid:None EditorOnly:0 RuntimeOnly:0 HLODRelevant:0 ListedInSceneOutliner:1 IsMainWorldOnly:0
 |   |- [+] Clusters:
 |   |   |- [+] [  0]
 |   |   |   |- Guid:0786FA3749B054C44CAC129382B6B519 BaseClass:/Game/ThirdPerson/Door/A_DoorButton.A_DoorButton_C NativeClass:/Script/Engine.Actor Name:A_Door1_C_UAID_D8BBC1F9F678C75602_1330757346 Label:A_Door3 SpatiallyLoaded:1 Bounds:IsValid=true, Min=(X=685.139 Y=25.398 Z=-58.849), Max=(X=831.897 Y=698.943 Z=1195.895) RuntimeGrid:None EditorOnly:0 RuntimeOnly:0 HLODRelevant:0 ListedInSceneOutliner:1 IsMainWorldOnly:0
 |   |   |   |- Guid:086F259942FBFE6B3733D4BE3A030AB4 BaseClass:/Game/ThirdPerson/Door/A_Button.A_Button_C NativeClass:/Script/Engine.Actor Name:A_Button1_C_UAID_D8BBC1F9F678C35602_1879275633 Label:A_Button1 SpatiallyLoaded:1 Bounds:IsValid=true, Min=(X=1064.909 Y=1795.853 Z=-7.114), Max=(X=1167.309 Y=1898.253 Z=5.686) RuntimeGrid:None EditorOnly:0 RuntimeOnly:0 HLODRelevant:0 ListedInSceneOutliner:1 IsMainWorldOnly:0
 |   |   |- [+] [  1]
 |   |   |   |- Guid:15883D4047A877A786A37ABA78A39F18 BaseClass: NativeClass:/Script/Engine.StaticMeshActor Name:StaticMeshActor_UAID_D8BBC1F9F678B05602_1235017287 Label:SM_Cube3 SpatiallyLoaded:1 Bounds:IsValid=true, Min=(X=-684.346 Y=1430.000 Z=-50.000), Max=(X=2565.654 Y=2155.000 Z=-0.000) RuntimeGrid:None EditorOnly:0 RuntimeOnly:0 HLODRelevant:1 ListedInSceneOutliner:1 IsMainWorldOnly:0 FolderPath:Playground FolderGuid:C73F09FC4215536B1DCE2A9E0A830C70
 |   |   |- [+] [  2]
 |   |   |   |- Guid:2AB27D8049A75DDFCD7986A2525B8BBF BaseClass: NativeClass:/Script/Engine.StaticMeshActor Name:StaticMeshActor_UAID_D8BBC1F9F678C75602_1517031350 Label:Plane2 SpatiallyLoaded:1 Bounds:IsValid=true, Min=(X=1879.627 Y=313.623 Z=45.266), Max=(X=1979.627 Y=413.623 Z=45.266) RuntimeGrid:None EditorOnly:0 RuntimeOnly:0 HLODRelevant:1 ListedInSceneOutliner:1 IsMainWorldOnly:0
 |   |   |- [+] [  3]
 |   |   |   |- Guid:2D0A03634B90FD10BB1077A246D8CE53 BaseClass: NativeClass:/Script/Engine.StaticMeshActor Name:StaticMeshActor_UAID_D8BBC1F9F678C65602_1091453166 Label:SM_Cube4 SpatiallyLoaded:1 Bounds:IsValid=true, Min=(X=4197.790 Y=-30.000 Z=186.797), Max=(X=7197.790 Y=695.000 Z=236.797) RuntimeGrid:None EditorOnly:0 RuntimeOnly:0 HLODRelevant:1 ListedInSceneOutliner:1 IsMainWorldOnly:0 FolderPath:Playground FolderGuid:C73F09FC4215536B1DCE2A9E0A830C70
 |   |   |- [+] [  4]
 |   |   |   |- Guid:2FB58999456391D349DC0F86DAC136ED BaseClass: NativeClass:/Script/Engine.SkyLight Name:SkyLight_1 Label:SkyLight SpatiallyLoaded:0 Bounds:IsValid=true, Min=(X=0.000 Y=0.000 Z=690.000), Max=(X=0.000 Y=0.000 Z=690.000) RuntimeGrid:None EditorOnly:0 RuntimeOnly:0 HLODRelevant:0 ListedInSceneOutliner:1 IsMainWorldOnly:0 FolderPath:Lighting FolderGuid:963EC3EB4002CCE9759E2EBA541A873A
 |   |   |- [+] [  5]
 |   |   |   |- Guid:316CF2A6494ACA4C0E4180A87D36AB8F BaseClass: NativeClass:/Script/Engine.ExponentialHeightFog Name:ExponentialHeightFog_0 Label:ExponentialHeightFog SpatiallyLoaded:0 Bounds:IsValid=true, Min=(X=-5600.000 Y=-50.000 Z=-6850.000), Max=(X=-5600.000 Y=-50.000 Z=-6850.000) RuntimeGrid:None EditorOnly:0 RuntimeOnly:0 HLODRelevant:0 ListedInSceneOutliner:1 IsMainWorldOnly:0 FolderPath:Lighting FolderGuid:963EC3EB4002CCE9759E2EBA541A873A
 |   |   |- [+] [  6]
 |   |   |   |- Guid:36FBF767432EC36DD19697841F1687D9 BaseClass:/Game/ThirdPerson/Door/A_Key.A_Key_C NativeClass:/Script/Engine.Actor Name:A_Key_C_UAID_D8BBC1F9F678B45602_2002993996 Label:A_Key SpatiallyLoaded:1 Bounds:IsValid=true, Min=(X=-495.920 Y=1823.217 Z=115.480), Max=(X=-482.000 Y=1837.617 Z=154.917) RuntimeGrid:None EditorOnly:0 RuntimeOnly:0 HLODRelevant:0 ListedInSceneOutliner:1 IsMainWorldOnly:0
 |   |   |- [+] [  7]
 |   |   |   |- Guid:39392D184C2E63ACA73CF0BE9CD6D8A3 BaseClass:/Game/ThirdPerson/Text/A_Wait.A_Wait_C NativeClass:/Script/Engine.Actor Name:A_Wait_C_UAID_D8BBC1F9F678C75602_1653752353 Label:A_Wait SpatiallyLoaded:1 Bounds:IsValid=true, Min=(X=2418.842 Y=140.324 Z=-120.108), Max=(X=2918.842 Y=142.324 Z=379.892) RuntimeGrid:None EditorOnly:0 RuntimeOnly:0 HLODRelevant:0 ListedInSceneOutliner:1 IsMainWorldOnly:0
 |   |   |- [+] [  8]
 |   |   |   |- Guid:3A00AA1C422CE54C0BDB60BAF471BFBB BaseClass: NativeClass:/Script/Engine.PlayerStart Name:PlayerStart_0 Label:PlayerStart SpatiallyLoaded:0 Bounds:IsValid=true, Min=(X=502.898 Y=590.841 Z=417.189), Max=(X=582.898 Y=670.841 Z=601.189) RuntimeGrid:None EditorOnly:0 RuntimeOnly:0 HLODRelevant:0 ListedInSceneOutliner:1 IsMainWorldOnly:0
 |   |   |- [+] [  9]
 |   |   |   |- Guid:4B2501604C614A1FC672B98E03B83AD1 BaseClass:/Game/ThirdPerson/Blueprints/BP_ThirdPersonCharacter.BP_ThirdPersonCharacter_C NativeClass:/Script/Engine.Character Name:BP_ThirdPersonCharacter_C_UAID_D8BBC1F9F678575602_1379725623 Label:BP_ThirdPersonCharacter SpatiallyLoaded:1 Bounds:IsValid=true, Min=(X=275.000 Y=335.000 Z=-0.149), Max=(X=347.592 Y=405.000 Z=180.332) RuntimeGrid:None EditorOnly:0 RuntimeOnly:0 HLODRelevant:0 ListedInSceneOutliner:1 IsMainWorldOnly:0
 |   |   |- [+] [ 10]
 |   |   |   |- Guid:4D3BE93F4146AAAC8BBE79999D96D57F BaseClass: NativeClass:/Script/Engine.VolumetricCloud Name:VolumetricCloud_0 Label:VolumetricCloud SpatiallyLoaded:0 Bounds:IsValid=true, Min=(X=0.000 Y=0.000 Z=820.000), Max=(X=0.000 Y=0.000 Z=820.000) RuntimeGrid:None EditorOnly:0 RuntimeOnly:0 HLODRelevant:0 ListedInSceneOutliner:1 IsMainWorldOnly:0 FolderPath:Lighting FolderGuid:963EC3EB4002CCE9759E2EBA541A873A
 |   |   |- [+] [ 11]
 |   |   |   |- Guid:58A0A92F4888D1D33DA0079DD2A1B7E7 BaseClass: NativeClass:/Script/Engine.StaticMeshActor Name:StaticMeshActor_UAID_D8BBC1F9F678C75602_1487007349 Label:Plane SpatiallyLoaded:1 Bounds:IsValid=true, Min=(X=1642.882 Y=313.623 Z=45.266), Max=(X=1742.882 Y=413.623 Z=45.266) RuntimeGrid:None EditorOnly:0 RuntimeOnly:0 HLODRelevant:1 ListedInSceneOutliner:1 IsMainWorldOnly:0
 |   |   |- [+] [ 12]
 |   |   |   |- Guid:5A706F324141B117093B3199E0C44972 BaseClass: NativeClass:/Script/Engine.StaticMeshActor Name:StaticMeshActor_UAID_D8BBC1F9F678C75602_1528271352 Label:Plane4 SpatiallyLoaded:1 Bounds:IsValid=true, Min=(X=2546.185 Y=313.623 Z=45.266), Max=(X=2646.185 Y=413.623 Z=45.266) RuntimeGrid:None EditorOnly:0 RuntimeOnly:0 HLODRelevant:1 ListedInSceneOutliner:1 IsMainWorldOnly:0
 |   |   |- [+] [ 13]
 |   |   |   |- Guid:5FA84298433765D58AD729BC7F6FD9E2 BaseClass: NativeClass:/Script/Engine.StaticMeshActor Name:StaticMeshActor_UAID_D8BBC1F9F678C75602_1841162354 Label:SM_Cube5 SpatiallyLoaded:1 Bounds:IsValid=true, Min=(X=-664.537 Y=1385.684 Z=0.000), Max=(X=335.463 Y=1485.684 Z=400.000) RuntimeGrid:None EditorOnly:0 RuntimeOnly:0 HLODRelevant:1 ListedInSceneOutliner:1 IsMainWorldOnly:0 FolderPath:Playground FolderGuid:C73F09FC4215536B1DCE2A9E0A830C70
 |   |   |- [+] [ 14]
 |   |   |   |- Guid:621A12914EFA7D02D6FB2F9A2FB6D341 BaseClass:/Game/ThirdPerson/Blueprints/A_Win.A_Win_C NativeClass:/Script/Engine.Actor Name:A_Win_C_UAID_D8BBC1F9F678C55602_1690252987 Label:A_Win SpatiallyLoaded:1 Bounds:IsValid=true, Min=(X=5171.604 Y=299.792 Z=316.205), Max=(X=5370.004 Y=498.192 Z=514.605) RuntimeGrid:None EditorOnly:0 RuntimeOnly:0 HLODRelevant:0 ListedInSceneOutliner:1 IsMainWorldOnly:0
 |   |   |- [+] [ 15]
 |   |   |   |- Guid:6BAF4DDD444C60371492D3919DB42C97 BaseClass: NativeClass:/Script/Engine.WorldDataLayers Name:WorldDataLayers Label:WorldDataLayers SpatiallyLoaded:0 Bounds:IsValid=true, Min=(X=0.000 Y=0.000 Z=0.000), Max=(X=0.000 Y=0.000 Z=0.000) RuntimeGrid:None EditorOnly:0 RuntimeOnly:0 HLODRelevant:0 ListedInSceneOutliner:1 IsMainWorldOnly:1
 |   |   |- [+] [ 16]
 |   |   |   |- Guid:72132CAF4A08A59AB5B105AA6F515116 BaseClass:/Game/ThirdPerson/Blueprints/BP_ThirdPersonCharacter.BP_ThirdPersonCharacter_C NativeClass:/Script/Engine.Character Name:BP_ThirdPersonCharacter_C_UAID_D8BBC1F9F678575602_1381845624 Label:BP_ThirdPersonCharacter2 SpatiallyLoaded:1 Bounds:IsValid=true, Min=(X=-164.508 Y=1795.000 Z=-0.149), Max=(X=-91.916 Y=1865.000 Z=180.332) RuntimeGrid:None EditorOnly:0 RuntimeOnly:0 HLODRelevant:0 ListedInSceneOutliner:1 IsMainWorldOnly:0
 |   |   |- [+] [ 17]
 |   |   |   |- Guid:7FA8B2E4420805A2569D6B8BB8A60060 BaseClass: NativeClass:/Script/Engine.Emitter Name:Emitter_UAID_D8BBC1F9F678F65602_1992562612 Label:Smoke SpatiallyLoaded:1 Bounds:IsValid=true, Min=(X=-70.379 Y=110.644 Z=-139.917), Max=(X=341.253 Y=780.670 Z=400.602) RuntimeGrid:None EditorOnly:0 RuntimeOnly:0 HLODRelevant:0 ListedInSceneOutliner:1 IsMainWorldOnly:0
 |   |   |- [+] [ 18]
 |   |   |   |- Guid:9473BC794A887F64DBC1CA97E6598076 BaseClass:/Game/ThirdPerson/Door/A_DoorButton.A_DoorButton_C NativeClass:/Script/Engine.Actor Name:A_Door1_C_UAID_D8BBC1F9F678C35602_1869101632 Label:A_Door1 SpatiallyLoaded:1 Bounds:IsValid=true, Min=(X=4207.244 Y=25.398 Z=223.515), Max=(X=4354.002 Y=698.943 Z=1478.259) RuntimeGrid:None EditorOnly:0 RuntimeOnly:0 HLODRelevant:0 ListedInSceneOutliner:1 IsMainWorldOnly:0
 |   |   |   |- Guid:E7FB91FC42A2553F8A20C09A50FBDC0C BaseClass:/Game/ThirdPerson/Door/A_Button.A_Button_C NativeClass:/Script/Engine.Actor Name:A_Button1_C_UAID_D8BBC1F9F678C75602_2077675356 Label:A_Button2 SpatiallyLoaded:1 Bounds:IsValid=true, Min=(X=2171.631 Y=1795.853 Z=-6.400), Max=(X=2274.031 Y=1898.253 Z=6.400) RuntimeGrid:None EditorOnly:0 RuntimeOnly:0 HLODRelevant:0 ListedInSceneOutliner:1 IsMainWorldOnly:0
 |   |   |- [+] [ 19]
 |   |   |   |- Guid:A297D78F43C76F981C5870A11C975167 BaseClass:/Game/ThirdPerson/Text/A_PressTab.A_PressTab_C NativeClass:/Script/Engine.Actor Name:A_PressTab_C_UAID_D8BBC1F9F678C65602_2103292169 Label:A_PressTab SpatiallyLoaded:1 Bounds:IsValid=true, Min=(X=142.515 Y=180.608 Z=-204.118), Max=(X=642.515 Y=182.608 Z=295.882) RuntimeGrid:None EditorOnly:0 RuntimeOnly:0 HLODRelevant:0 ListedInSceneOutliner:1 IsMainWorldOnly:0
 |   |   |- [+] [ 20]
 |   |   |   |- Guid:A5D2A84A456C6B7E3A83A4B4191DDAC3 BaseClass:/Game/ThirdPerson/Door/A_DoorKey.A_DoorKey_C NativeClass:/Script/Engine.Actor Name:A_Door_C_UAID_D8BBC1F9F678B45602_2000665995 Label:A_Door2 SpatiallyLoaded:1 Bounds:IsValid=true, Min=(X=83.306 Y=1439.624 Z=-29.732), Max=(X=457.866 Y=2206.535 Z=1373.932) RuntimeGrid:None EditorOnly:0 RuntimeOnly:0 HLODRelevant:0 ListedInSceneOutliner:1 IsMainWorldOnly:0
 |   |   |- [+] [ 21]
 |   |   |   |- Guid:AB867A1241DADDDAA1F034837BA888C9 BaseClass:/Game/ThirdPerson/Blueprints/A_MovingPlatForm.A_MovingPlatForm_C NativeClass:/Script/Engine.Actor Name:A_MovingPlatForm_C_UAID_D8BBC1F9F678C35602_1143545631 Label:A_MovingPlatForm SpatiallyLoaded:1 Bounds:IsValid=true, Min=(X=2819.380 Y=162.403 Z=-0.834), Max=(X=3319.380 Y=662.403 Z=9.166) RuntimeGrid:None EditorOnly:0 RuntimeOnly:0 HLODRelevant:0 ListedInSceneOutliner:1 IsMainWorldOnly:0
 |   |   |- [+] [ 22]
 |   |   |   |- Guid:B785ED2844B84CFB91E7F39FE661CD99 BaseClass: NativeClass:/Script/Engine.DirectionalLight Name:DirectionalLight_0 Label:DirectionalLight SpatiallyLoaded:0 Bounds:IsValid=true, Min=(X=-1048576.000 Y=-1048576.000 Z=-1048576.000), Max=(X=1048576.000 Y=1048576.000 Z=1048576.000) RuntimeGrid:None EditorOnly:0 RuntimeOnly:0 HLODRelevant:0 ListedInSceneOutliner:1 IsMainWorldOnly:0 FolderPath:Lighting FolderGuid:963EC3EB4002CCE9759E2EBA541A873A
 |   |   |- [+] [ 23]
 |   |   |   |- Guid:BC08B79C4EA3C961CFF75EBBE83B367D BaseClass: NativeClass:/Script/Engine.StaticMeshActor Name:StaticMeshActor_5 Label:SM_Cube2 SpatiallyLoaded:1 Bounds:IsValid=true, Min=(X=0.000 Y=0.000 Z=0.000), Max=(X=3000.000 Y=100.000 Z=400.000) RuntimeGrid:None EditorOnly:0 RuntimeOnly:0 HLODRelevant:1 ListedInSceneOutliner:1 IsMainWorldOnly:0 FolderPath:Playground FolderGuid:C73F09FC4215536B1DCE2A9E0A830C70
 |   |   |- [+] [ 24]
 |   |   |   |- Guid:BC6BD66D4999D40F003139B9F18C0F3B BaseClass:/Game/ThirdPerson/Text/A_Careful.A_Careful_C NativeClass:/Script/Engine.Actor Name:NewBlueprint_C_UAID_D8BBC1F9F678C65602_1799407167 Label:NewBlueprint SpatiallyLoaded:1 Bounds:IsValid=true, Min=(X=849.068 Y=153.069 Z=-250.000), Max=(X=1349.068 Y=155.069 Z=250.000) RuntimeGrid:None EditorOnly:0 RuntimeOnly:0 HLODRelevant:0 ListedInSceneOutliner:1 IsMainWorldOnly:0
 |   |   |- [+] [ 25]
 |   |   |   |- Guid:C1901661411FDC8F9B4EE8BC1DBB3C1E BaseClass:/Game/ThirdPerson/Blueprints/A_Loss.A_Loss_C NativeClass:/Script/Engine.Actor Name:A_Loss_C_UAID_D8BBC1F9F678C45602_1420764810 Label:A_Loss SpatiallyLoaded:1 Bounds:IsValid=true, Min=(X=-8487.855 Y=-10520.811 Z=-269.760), Max=(X=14689.447 Y=12656.492 Z=-208.566) RuntimeGrid:None EditorOnly:0 RuntimeOnly:0 HLODRelevant:0 ListedInSceneOutliner:1 IsMainWorldOnly:0
 |   |   |- [+] [ 26]
 |   |   |   |- Guid:CCFF262C46EEFFDF319E7F9539CE697E BaseClass: NativeClass:/Script/Engine.SkyAtmosphere Name:SkyAtmosphere_0 Label:SkyAtmosphere SpatiallyLoaded:0 Bounds:IsValid=true, Min=(X=0.000 Y=0.000 Z=1020.000), Max=(X=0.000 Y=0.000 Z=1020.000) RuntimeGrid:None EditorOnly:0 RuntimeOnly:0 HLODRelevant:0 ListedInSceneOutliner:1 IsMainWorldOnly:0 FolderPath:Lighting FolderGuid:963EC3EB4002CCE9759E2EBA541A873A
 |   |   |- [+] [ 27]
 |   |   |   |- Guid:DEE72CDD4FD7CF97140885BA44C7A805 BaseClass: NativeClass:/Script/Engine.StaticMeshActor Name:StaticMeshActor_UAID_D8BBC1F9F678C75602_1521960351 Label:Plane3 SpatiallyLoaded:1 Bounds:IsValid=true, Min=(X=2213.164 Y=313.623 Z=45.266), Max=(X=2313.164 Y=413.623 Z=45.266) RuntimeGrid:None EditorOnly:0 RuntimeOnly:0 HLODRelevant:1 ListedInSceneOutliner:1 IsMainWorldOnly:0
 |   |   |- [+] [ 28]
 |   |   |   |- Guid:EC4E0C944CE6AC6E784BC6BB2916EA13 BaseClass: NativeClass:/Script/Engine.StaticMeshActor Name:StaticMeshActor_UAID_A4AE111137DC5EFB00_1110535423 Label:SM_SkySphere SpatiallyLoaded:0 Bounds:IsValid=true, Min=(X=-1638400.000 Y=-1638400.000 Z=-1638400.000), Max=(X=1638400.000 Y=1638400.000 Z=1638400.000) RuntimeGrid:None EditorOnly:0 RuntimeOnly:0 HLODRelevant:1 ListedInSceneOutliner:1 IsMainWorldOnly:0 FolderPath:Lighting FolderGuid:963EC3EB4002CCE9759E2EBA541A873A
 |   |   |- [+] [ 29]
 |   |   |   |- Guid:ED5773BF4B9B7D7D2D4D9F99528DA72D BaseClass:/Game/ThirdPerson/Text/A_Key.A_Key_C NativeClass:/Script/Engine.Actor Name:A_Key_C_UAID_D8BBC1F9F678C75602_1956603355 Label:A_Key2 SpatiallyLoaded:1 Bounds:IsValid=true, Min=(X=-250.691 Y=1533.635 Z=-250.000), Max=(X=249.309 Y=1535.635 Z=250.000) RuntimeGrid:None EditorOnly:0 RuntimeOnly:0 HLODRelevant:0 ListedInSceneOutliner:1 IsMainWorldOnly:0
 |   |   |- [+] [ 30]
 |   |   |   |- Guid:F1924B8D48954B30891B2DB6A694F9CC BaseClass: NativeClass:/Script/Engine.StaticMeshActor Name:StaticMeshActor_1 Label:SM_Cube SpatiallyLoaded:1 Bounds:IsValid=true, Min=(X=0.000 Y=-30.000 Z=-50.000), Max=(X=1275.000 Y=695.000 Z=0.000) RuntimeGrid:None EditorOnly:0 RuntimeOnly:0 HLODRelevant:1 ListedInSceneOutliner:1 IsMainWorldOnly:0 FolderPath:Playground FolderGuid:C73F09FC4215536B1DCE2A9E0A830C70
 |   |   |- [+] [ 31]
 |   |   |   |- Guid:F5E3FEB3450C49844FD93DA8E083C8AD BaseClass: NativeClass:/Script/Engine.PostProcessVolume Name:PostProcessVolume_0 Label:PostProcessVolume SpatiallyLoaded:0 Bounds:IsValid=true, Min=(X=0.000 Y=0.000 Z=400.000), Max=(X=200.000 Y=200.000 Z=600.000) RuntimeGrid:None EditorOnly:0 RuntimeOnly:0 HLODRelevant:0 ListedInSceneOutliner:1 IsMainWorldOnly:0 FolderPath:Lighting FolderGuid:963EC3EB4002CCE9759E2EBA541A873A
 |   |   |- [+] [ 32]
 |   |   |   |- Guid:F8C8735544C0109DE7163BAD4BF71C17 BaseClass:/Game/ThirdPerson/Blueprints/A_MovingPlatForm.A_MovingPlatForm_C NativeClass:/Script/Engine.Actor Name:A_MovingPlatForm_C_UAID_D8BBC1F9F678C05602_1550119103 Label:A_MovingPlatForm SpatiallyLoaded:1 Bounds:IsValid=true, Min=(X=-504.941 Y=154.517 Z=60.361), Max=(X=-4.941 Y=654.517 Z=70.361) RuntimeGrid:None EditorOnly:0 RuntimeOnly:0 HLODRelevant:0 ListedInSceneOutliner:1 IsMainWorldOnly:0
 |- ContainerInstances:
 |- [+] MainContainer:
 |   |-        ID: 00000000000000000000000000000000
 |   |-  ParentID: 00000000000000000000000000000000
 |   |-    Bounds: IsValid=false, Min=(X=0.000 Y=0.000 Z=0.000), Max=(X=0.000 Y=0.000 Z=0.000)
 |   |- Transform: 0.000000,0.000000,0.000000|0.000000,0.000000,-0.000000|1.000000,1.000000,1.000000
 |   |- Container: /Game/ThirdPerson/Maps/ThirdPersonMap
----------------------------------------------------------------------------------------------------------------
ThirdPersonMap - Persistent Level
----------------------------------------------------------------------------------------------------------------
[+] Content of ThirdPersonMap Persistent Level
 |- Always loaded Actor Count: 35 
 |- Actor Path: /Game/ThirdPerson/Maps/ThirdPersonMap.ThirdPersonMap:PersistentLevel.A_Button1_C_UAID_D8BBC1F9F678C35602_1879275633
 |- Actor Package: /Game/__ExternalActors__/ThirdPerson/Maps/ThirdPersonMap/5/XT/X4HP7GYASKNIAZKNYJZQ4H
 |- Actor Path: /Game/ThirdPerson/Maps/ThirdPersonMap.ThirdPersonMap:PersistentLevel.A_Button1_C_UAID_D8BBC1F9F678C75602_2077675356
 |- Actor Package: /Game/__ExternalActors__/ThirdPerson/Maps/ThirdPersonMap/7/MH/84A7C0YE8GLRENUGB2T0CV
 |- Actor Path: /Game/ThirdPerson/Maps/ThirdPersonMap.ThirdPersonMap:PersistentLevel.A_Door1_C_UAID_D8BBC1F9F678C35602_1869101632
 |- Actor Package: /Game/__ExternalActors__/ThirdPerson/Maps/ThirdPersonMap/E/PP/U9RC74ASRTVCDXUSMVZKRI
 |- Actor Path: /Game/ThirdPerson/Maps/ThirdPersonMap.ThirdPersonMap:PersistentLevel.A_Door1_C_UAID_D8BBC1F9F678C75602_1330757346
 |- Actor Package: /Game/__ExternalActors__/ThirdPerson/Maps/ThirdPersonMap/A/RF/AJUOQ0VOL71YJDQ2T52C1J
 |- Actor Path: /Game/ThirdPerson/Maps/ThirdPersonMap.ThirdPersonMap:PersistentLevel.A_Door_C_UAID_D8BBC1F9F678B45602_2000665995
 |- Actor Package: /Game/__ExternalActors__/ThirdPerson/Maps/ThirdPersonMap/A/PT/ULF1RROL48XDL02AMDES1Y
 |- Actor Path: /Game/ThirdPerson/Maps/ThirdPersonMap.ThirdPersonMap:PersistentLevel.A_Key_C_UAID_D8BBC1F9F678B45602_2002993996
 |- Actor Package: /Game/__ExternalActors__/ThirdPerson/Maps/ThirdPersonMap/0/VU/UHT5S9BIM6PWM0DNQ0I5MC
 |- Actor Path: /Game/ThirdPerson/Maps/ThirdPersonMap.ThirdPersonMap:PersistentLevel.A_Key_C_UAID_D8BBC1F9F678C75602_1956603355
 |- Actor Package: /Game/__ExternalActors__/ThirdPerson/Maps/ThirdPersonMap/6/2E/99P0KZQSDUUKQK2A68VEZQ
 |- Actor Path: /Game/ThirdPerson/Maps/ThirdPersonMap.ThirdPersonMap:PersistentLevel.A_Loss_C_UAID_D8BBC1F9F678C45602_1420764810
 |- Actor Package: /Game/__ExternalActors__/ThirdPerson/Maps/ThirdPersonMap/8/SI/RQN1HCCN0AX8GZ9J8LTMTS
 |- Actor Path: /Game/ThirdPerson/Maps/ThirdPersonMap.ThirdPersonMap:PersistentLevel.A_MovingPlatForm_C_UAID_D8BBC1F9F678C05602_1550119103
 |- Actor Package: /Game/__ExternalActors__/ThirdPerson/Maps/ThirdPersonMap/4/F9/6BTJC6USF541BEV0270MNN
 |- Actor Path: /Game/ThirdPerson/Maps/ThirdPersonMap.ThirdPersonMap:PersistentLevel.A_MovingPlatForm_C_UAID_D8BBC1F9F678C35602_1143545631
 |- Actor Package: /Game/__ExternalActors__/ThirdPerson/Maps/ThirdPersonMap/E/RB/EMKO3YOM947PVR0MP49ZT5
 |- Actor Path: /Game/ThirdPerson/Maps/ThirdPersonMap.ThirdPersonMap:PersistentLevel.A_PressTab_C_UAID_D8BBC1F9F678C65602_2103292169
 |- Actor Package: /Game/__ExternalActors__/ThirdPerson/Maps/ThirdPersonMap/9/AY/X56K8KYCUBNEOVF4Z9OEAL
 |- Actor Path: /Game/ThirdPerson/Maps/ThirdPersonMap.ThirdPersonMap:PersistentLevel.A_Wait_C_UAID_D8BBC1F9F678C75602_1653752353
 |- Actor Package: /Game/__ExternalActors__/ThirdPerson/Maps/ThirdPersonMap/C/2Q/E7TZ74GDZ6PR0XYUI105U6
 |- Actor Path: /Game/ThirdPerson/Maps/ThirdPersonMap.ThirdPersonMap:PersistentLevel.A_Win_C_UAID_D8BBC1F9F678C55602_1690252987
 |- Actor Package: /Game/__ExternalActors__/ThirdPerson/Maps/ThirdPersonMap/7/I5/060QR8DW76BKCTUM1N8H4T
 |- Actor Path: /Game/ThirdPerson/Maps/ThirdPersonMap.ThirdPersonMap:PersistentLevel.BP_ThirdPersonCharacter_C_UAID_D8BBC1F9F678575602_1379725623
 |- Actor Package: /Game/__ExternalActors__/ThirdPerson/Maps/ThirdPersonMap/9/XE/TOV349RI4EEG3K7FSYSQI0
 |- Actor Path: /Game/ThirdPerson/Maps/ThirdPersonMap.ThirdPersonMap:PersistentLevel.BP_ThirdPersonCharacter_C_UAID_D8BBC1F9F678575602_1381845624
 |- Actor Package: /Game/__ExternalActors__/ThirdPerson/Maps/ThirdPersonMap/0/W9/2QO2O8T2X4ISL5TB526IY0
 |- Actor Path: /Game/ThirdPerson/Maps/ThirdPersonMap.ThirdPersonMap:PersistentLevel.DirectionalLight_0
 |- Actor Package: /Game/__ExternalActors__/ThirdPerson/Maps/ThirdPersonMap/5/R1/TS5OQ5CRUWFZYL1ZQ7I416
 |- Actor Path: /Game/ThirdPerson/Maps/ThirdPersonMap.ThirdPersonMap:PersistentLevel.Emitter_UAID_D8BBC1F9F678F65602_1992562612
 |- Actor Package: /Game/__ExternalActors__/ThirdPerson/Maps/ThirdPersonMap/7/KY/U2XJKCQOWLWCD4Y7R65HFI
 |- Actor Path: /Game/ThirdPerson/Maps/ThirdPersonMap.ThirdPersonMap:PersistentLevel.ExponentialHeightFog_0
 |- Actor Package: /Game/__ExternalActors__/ThirdPerson/Maps/ThirdPersonMap/6/J7/N10XDC9G27EMLS5AGZ6AVV
 |- Actor Path: /Game/ThirdPerson/Maps/ThirdPersonMap.ThirdPersonMap:PersistentLevel.NewBlueprint_C_UAID_D8BBC1F9F678C65602_1799407167
 |- Actor Package: /Game/__ExternalActors__/ThirdPerson/Maps/ThirdPersonMap/1/78/UX7JF7QJZRLCAK1EVYLU2Z
 |- Actor Path: /Game/ThirdPerson/Maps/ThirdPersonMap.ThirdPersonMap:PersistentLevel.PlayerStart_0
 |- Actor Package: /Game/__ExternalActors__/ThirdPerson/Maps/ThirdPersonMap/D/DE/SWSI13675DVYIZ0N4NF7Y3
 |- Actor Path: /Game/ThirdPerson/Maps/ThirdPersonMap.ThirdPersonMap:PersistentLevel.PostProcessVolume_0
 |- Actor Package: /Game/__ExternalActors__/ThirdPerson/Maps/ThirdPersonMap/1/AZ/A7GPT109Y6ZTTJD4A7TXER
 |- Actor Path: /Game/ThirdPerson/Maps/ThirdPersonMap.ThirdPersonMap:PersistentLevel.SkyAtmosphere_0
 |- Actor Package: /Game/__ExternalActors__/ThirdPerson/Maps/ThirdPersonMap/4/LN/30UBDLYFFA5ZR7U4W4L4GG
 |- Actor Path: /Game/ThirdPerson/Maps/ThirdPersonMap.ThirdPersonMap:PersistentLevel.SkyLight_1
 |- Actor Package: /Game/__ExternalActors__/ThirdPerson/Maps/ThirdPersonMap/8/S1/DXUWD12MD3HRWVVXX076BY
 |- Actor Path: /Game/ThirdPerson/Maps/ThirdPersonMap.ThirdPersonMap:PersistentLevel.StaticMeshActor_1
 |- Actor Package: /Game/__ExternalActors__/ThirdPerson/Maps/ThirdPersonMap/6/YO/NG2R9BPZVA7ZDN0Z4VSTG6
 |- Actor Path: /Game/ThirdPerson/Maps/ThirdPersonMap.ThirdPersonMap:PersistentLevel.StaticMeshActor_5
 |- Actor Package: /Game/__ExternalActors__/ThirdPerson/Maps/ThirdPersonMap/C/QF/BY1DA5CRGQSAMOTK8RA8KR
 |- Actor Path: /Game/ThirdPerson/Maps/ThirdPersonMap.ThirdPersonMap:PersistentLevel.StaticMeshActor_UAID_A4AE111137DC5EFB00_1110535423
 |- Actor Package: /Game/__ExternalActors__/ThirdPerson/Maps/ThirdPersonMap/4/PN/2QISIGK5DJNQ05US8O8FXW
 |- Actor Path: /Game/ThirdPerson/Maps/ThirdPersonMap.ThirdPersonMap:PersistentLevel.StaticMeshActor_UAID_D8BBC1F9F678B05602_1235017287
 |- Actor Package: /Game/__ExternalActors__/ThirdPerson/Maps/ThirdPersonMap/B/0R/P22U7U33U5B03MHFJO6R54
 |- Actor Path: /Game/ThirdPerson/Maps/ThirdPersonMap.ThirdPersonMap:PersistentLevel.StaticMeshActor_UAID_D8BBC1F9F678C65602_1091453166
 |- Actor Package: /Game/__ExternalActors__/ThirdPerson/Maps/ThirdPersonMap/C/NU/3KOYO8HVRNNU3BPCX4B4HL
 |- Actor Path: /Game/ThirdPerson/Maps/ThirdPersonMap.ThirdPersonMap:PersistentLevel.StaticMeshActor_UAID_D8BBC1F9F678C75602_1487007349
 |- Actor Package: /Game/__ExternalActors__/ThirdPerson/Maps/ThirdPersonMap/5/4B/NGLH4NAAIJDVKWYG6R9UPJ
 |- Actor Path: /Game/ThirdPerson/Maps/ThirdPersonMap.ThirdPersonMap:PersistentLevel.StaticMeshActor_UAID_D8BBC1F9F678C75602_1517031350
 |- Actor Package: /Game/__ExternalActors__/ThirdPerson/Maps/ThirdPersonMap/5/MV/A54BFUJJGRRDCBWGCTBZEY
 |- Actor Path: /Game/ThirdPerson/Maps/ThirdPersonMap.ThirdPersonMap:PersistentLevel.StaticMeshActor_UAID_D8BBC1F9F678C75602_1521960351
 |- Actor Package: /Game/__ExternalActors__/ThirdPerson/Maps/ThirdPersonMap/7/PX/Q1X6SBKZAZXA2FTB9B8EUB
 |- Actor Path: /Game/ThirdPerson/Maps/ThirdPersonMap.ThirdPersonMap:PersistentLevel.StaticMeshActor_UAID_D8BBC1F9F678C75602_1528271352
 |- Actor Package: /Game/__ExternalActors__/ThirdPerson/Maps/ThirdPersonMap/7/90/H9NVDCRNVC7I176P9V3FT6
 |- Actor Path: /Game/ThirdPerson/Maps/ThirdPersonMap.ThirdPersonMap:PersistentLevel.StaticMeshActor_UAID_D8BBC1F9F678C75602_1841162354
 |- Actor Package: /Game/__ExternalActors__/ThirdPerson/Maps/ThirdPersonMap/A/D4/5EDH52EBTCYRIEUOTHP6QJ
 |- Actor Path: /Game/ThirdPerson/Maps/ThirdPersonMap.ThirdPersonMap:PersistentLevel.VolumetricCloud_0
 |- Actor Package: /Game/__ExternalActors__/ThirdPerson/Maps/ThirdPersonMap/3/EY/87SHEJN5UBEAN2K5OV1G6R
 |- Actor Path: /Game/ThirdPerson/Maps/ThirdPersonMap.ThirdPersonMap:PersistentLevel.WorldDataLayers
 |- Actor Package: /Game/__ExternalActors__/ThirdPerson/Maps/ThirdPersonMap/0/43/HYQWORMY4JDQ5X3OKZXFLC

----------------------------------------------------------------------------------------------------------------
ThirdPersonMap - Runtime Hash Set
----------------------------------------------------------------------------------------------------------------

